[025月2026 18:39:16.135] [main/INFO] [cpw.mods.modlauncher.Launcher/MODLAUNCHER]: ModLauncher running: args [--launchTarget, forgeclientdev, --version, 21.1.218, --assetIndex, 17, --assetsDir, C:\\Users\\Administrator\\.mcreator\\gradle\\caches\\neoformruntime\\assets, --gameDir, ., --fml.fmlVersion, 4.0.42, --fml.mcVersion, 1.21.1, --fml.neoForgeVersion, 21.1.218, --fml.neoFormVersion, 20240808.144430]
[025月2026 18:39:16.137] [main/INFO] [cpw.mods.modlauncher.Launcher/MODLAUNCHER]: JVM identified as Microsoft OpenJDK 64-Bit Server VM 21.0.7+6-LTS
[025月2026 18:39:16.138] [main/INFO] [cpw.mods.modlauncher.Launcher/MODLAUNCHER]: ModLauncher 11.0.5+main.901c6ea8 starting: java version 21.0.7 by Microsoft; OS Windows 10 arch amd64 version 10.0
[025月2026 18:39:16.222] [main/INFO] [net.neoforged.fml.loading.ImmediateWindowHandler/]: Loading ImmediateWindowProvider fmlearlywindow
[025月2026 18:39:16.314] [main/INFO] [EARLYDISPLAY/]: Trying GL version 4.6
[025月2026 18:39:16.438] [main/INFO] [EARLYDISPLAY/]: Requested GL version 4.6 got version 4.6
[025月2026 18:39:16.546] [main/INFO] [mixin/]: SpongePowered MIXIN Subsystem Version=0.8.7 Source=union:/C:/Users/Administrator/.mcreator/gradle/caches/modules-2/files-2.1/net.fabricmc/sponge-mixin/0.15.2+mixin.0.8.7/2af2f021d8e02a0220dc27a7a72b4666d66d44ca/sponge-mixin-0.15.2+mixin.0.8.7.jar%23138!/ Service=ModLauncher Env=CLIENT
[025月2026 18:39:16.730] [pool-2-thread-1/INFO] [EARLYDISPLAY/]: GL info: NVIDIA GeForce GT 1030/PCIe/SSE2 GL version 4.6.0 NVIDIA 552.44, NVIDIA Corporation
[025月2026 18:39:16.921] [main/INFO] [net.neoforged.fml.loading.moddiscovery.locators.JarInJarDependencyLocator/]: Found 3 dependencies adding them to mods collection
[025月2026 18:39:16.923] [main/INFO] [net.neoforged.fml.loading.moddiscovery.ModDiscoverer/]: 
     Mod List:
		Name Version (Mod Id)

		GeckoLib 4 4.8.2 (geckolib)
		Minecraft 1.21.1 (minecraft)
		NeoForge 21.1.218 (neoforge)
		Player Animator 2.0.1+1.21.1 (playeranimator)
		UltraExtra:EnergyDevice 1.0 (ultraman_mod_extra_energy_device)
		Ultraman Mod 1.0.0 (ultraman_mod)
[025月2026 18:39:17.637] [main/INFO] [mixin/]: Compatibility level set to JAVA_21
[025月2026 18:39:17.652] [main/INFO] [cpw.mods.modlauncher.LaunchServiceHandler/MODLAUNCHER]: Launching target 'forgeclientdev' with arguments [--version, 21.1.218, --gameDir, ., --assetsDir, C:\Users\Administrator\.mcreator\gradle\caches\neoformruntime\assets, --assetIndex, 17]
[025月2026 18:39:17.696] [main/WARN] [mixin/]: Reference map 'geckolib.refmap.json' for geckolib.mixins.json could not be read. If this is a development environment you can ignore this message
[025月2026 18:39:19.262] [Datafixer Bootstrap/INFO] [com.mojang.datafixers.DataFixerBuilder/]: 229 Datafixer optimizations took 292 milliseconds
[025月2026 18:39:19.395] [main/WARN] [oshi.util.platform.windows.PerfDataUtil/]: Failed to update counter. Error code: 0x800007D5
[025月2026 18:39:19.395] [main/WARN] [oshi.util.platform.windows.PerfCounterQuery/]: Disabling further attempts to query Paging File.
[025月2026 18:39:19.558] [pool-10-thread-1/INFO] [MixinExtras|Service/]: Initializing MixinExtras via com.llamalad7.mixinextras.service.MixinExtrasServiceImpl(version=0.5.0).
[025月2026 18:39:23.619] [main/WARN] [net.minecraft.commands.Commands/]: Ambiguity between arguments [teleport, location] and [teleport, destination] with inputs: [0.1 -0.5 .9, 0 0 0]
[025月2026 18:39:23.620] [main/WARN] [net.minecraft.commands.Commands/]: Ambiguity between arguments [teleport, location] and [teleport, targets] with inputs: [0.1 -0.5 .9, 0 0 0]
[025月2026 18:39:23.622] [main/WARN] [net.minecraft.commands.Commands/]: Ambiguity between arguments [teleport, destination] and [teleport, targets] with inputs: [Player, 0123, @e, dd12be42-52a9-4a91-a8a1-11c01849e498]
[025月2026 18:39:23.622] [main/WARN] [net.minecraft.commands.Commands/]: Ambiguity between arguments [teleport, targets] and [teleport, destination] with inputs: [Player, 0123, dd12be42-52a9-4a91-a8a1-11c01849e498]
[025月2026 18:39:23.623] [main/WARN] [net.minecraft.commands.Commands/]: Ambiguity between arguments [teleport, targets, location] and [teleport, targets, destination] with inputs: [0.1 -0.5 .9, 0 0 0]
[025月2026 18:39:23.734] [Render thread/WARN] [net.minecraft.server.packs.VanillaPackResourcesBuilder/]: Assets URL 'union:/D:/xbszMC/UltramanModExtraEnergyDevice/build/moddev/artifacts/neoforge-21.1.218.jar%23189!/assets/.mcassetsroot' uses unexpected schema
[025月2026 18:39:23.734] [Render thread/WARN] [net.minecraft.server.packs.VanillaPackResourcesBuilder/]: Assets URL 'union:/D:/xbszMC/UltramanModExtraEnergyDevice/build/moddev/artifacts/neoforge-21.1.218.jar%23189!/data/.mcassetsroot' uses unexpected schema
[025月2026 18:39:23.756] [Render thread/INFO] [com.mojang.authlib.yggdrasil.YggdrasilAuthenticationService/]: Environment: Environment[sessionHost=https://sessionserver.mojang.com, servicesHost=https://api.minecraftservices.com, name=PROD]
[025月2026 18:39:23.762] [Render thread/INFO] [net.minecraft.client.Minecraft/]: Setting user: Dev
[025月2026 18:39:23.827] [Render thread/INFO] [net.minecraft.client.Minecraft/]: Backend library: LWJGL version 3.3.3+5
[025月2026 18:39:23.961] [modloading-worker-0/INFO] [cheng.common.UltramanModExtraEnergyDevice/]: 数据注册完成net.neoforged.neoforge.registries.DeferredRegister$DataComponents@18b99784
[025月2026 18:39:23.962] [modloading-worker-0/INFO] [cheng.common.UltramanModExtraEnergyDevice/]: 物品注册完成net.neoforged.neoforge.registries.DeferredRegister$Items@7628ed1c
[025月2026 18:39:23.967] [modloading-worker-0/INFO] [net.neoforged.neoforge.common.NeoForgeMod/NEOFORGE-MOD]: NeoForge mod loading, version 21.1.218, for MC 1.21.1
[025月2026 18:39:24.016] [modloading-worker-0/INFO] [com.benniao.ultraman.UltramanMod/]: Registering custom chunk generators...
[025月2026 18:39:24.754] [Render thread/INFO] [net.neoforged.neoforge.gametest.GameTestHooks/]: Enabled Gametest Namespaces: [ultraman_mod_extra_energy_device]
[025月2026 18:39:25.021] [Render thread/INFO] [com.benniao.ultraman.UltramanMod/]: Ultraman key mappings registered!
[025月2026 18:39:25.034] [Render thread/INFO] [com.benniao.ultraman.UltramanMod/]: Ultraman GUI layers registered!
[025月2026 18:39:25.036] [Render thread/INFO] [com.benniao.ultraman.UltramanMod/]: Dimension effects registered!
[025月2026 18:39:25.112] [Render thread/INFO] [net.minecraft.server.packs.resources.ReloadableResourceManager/]: Reloading ResourceManager: vanilla, mod_resources, mod/ultraman_mod_extra_energy_device, mod/ultraman_mod, mod/geckolib, mod/playeranimator, mod/neoforge
[025月2026 18:39:25.124] [Worker-Main-2/ERROR] [net.minecraft.Util/]: Invalid path in pack: ultraman_mod:animations/uItraman_hikari/normal/knight_brace.animation.json, ignoring
[025月2026 18:39:25.125] [Worker-Main-1/ERROR] [net.minecraft.Util/]: Invalid path in pack: ultraman_mod:geo/transformer/uItraman_hikari/normal/knight_brace.geo.json, ignoring
[025月2026 18:39:25.126] [Worker-Main-1/ERROR] [net.minecraft.Util/]: Invalid path in pack: ultraman_mod:geo/entity/uItraman_hikari/normal/uItraman_hikari.geo.json, ignoring
[025月2026 18:39:25.193] [Worker-Main-3/WARN] [GeckoLib/]: Unsupported geometry json version for model ultraman_mod:geo/armor/research_team_blue_suit_leggings.geo.json. Supported versions: 1.12.0
[025月2026 18:39:25.211] [Worker-Main-3/WARN] [GeckoLib/]: Unsupported geometry json version for model ultraman_mod:geo/armor/research_team_helmet.geo.json. Supported versions: 1.12.0
[025月2026 18:39:25.275] [Worker-Main-10/INFO] [com.benniao.ultraman.UltramanMod/]: Beam destruction mode loaded: true
[025月2026 18:39:25.357] [Worker-Main-2/WARN] [GeckoLib/]: Found geo model file with improper file name format; geo model files should end in .geo.json: 'ultraman_mod:geo/entity/ultraman_first/normal/giga_spacium_beam_vfx.json'
[025月2026 18:39:25.384] [Worker-Main-9/INFO] [net.minecraft.client.gui.font.providers.UnihexProvider/]: Found unifont_all_no_pua-15.1.05.hex, loading
[025月2026 18:39:25.400] [Worker-Main-4/WARN] [net.minecraft.client.sounds.SoundManager/]: File ultraman_mod:sounds/mebium_burst.ogg does not exist, cannot add it to event ultraman_mod:mebium_burst
[025月2026 18:39:25.402] [Worker-Main-4/WARN] [net.minecraft.client.sounds.SoundManager/]: File ultraman_mod:sounds/zero_slugger.ogg does not exist, cannot add it to event ultraman_mod:zero_slugger
[025月2026 18:39:25.698] [Worker-Main-6/INFO] [net.minecraft.client.gui.font.providers.UnihexProvider/]: Found unifont_jp_patch-15.1.05.hex, loading
[025月2026 18:39:25.780] [Worker-Main-5/WARN] [net.minecraft.client.renderer.texture.SpriteLoader/]: Texture ultraman_mod:item/jack_mastered_icon with size 1002x1117 limits mip level from 4 to 0
[025月2026 18:39:26.238] [Worker-Main-11/WARN] [net.minecraft.client.resources.model.BlockStateModelLoader/]: Exception loading blockstate definition: 'ultraman_mod:blockstates/trigger_block.json' missing model for variant: 'ultraman_mod:trigger_block#facing=east'
[025月2026 18:39:26.238] [Worker-Main-11/WARN] [net.minecraft.client.resources.model.BlockStateModelLoader/]: Exception loading blockstate definition: 'ultraman_mod:blockstates/trigger_block.json' missing model for variant: 'ultraman_mod:trigger_block#facing=west'
[025月2026 18:39:26.238] [Worker-Main-11/WARN] [net.minecraft.client.resources.model.BlockStateModelLoader/]: Exception loading blockstate definition: 'ultraman_mod:blockstates/trigger_block.json' missing model for variant: 'ultraman_mod:trigger_block#facing=south'
[025月2026 18:39:26.239] [Worker-Main-11/WARN] [net.minecraft.client.resources.model.BlockStateModelLoader/]: Exception loading blockstate definition: 'ultraman_mod:blockstates/trigger_block.json' missing model for variant: 'ultraman_mod:trigger_block#facing=north'
[025月2026 18:39:26.239] [Worker-Main-11/WARN] [net.minecraft.client.resources.model.BlockStateModelLoader/]: Exception loading blockstate definition: 'ultraman_mod:blockstates/circle_arms_block.json' missing model for variant: 'ultraman_mod:circle_arms_block#facing=east'
[025月2026 18:39:26.239] [Worker-Main-11/WARN] [net.minecraft.client.resources.model.BlockStateModelLoader/]: Exception loading blockstate definition: 'ultraman_mod:blockstates/circle_arms_block.json' missing model for variant: 'ultraman_mod:circle_arms_block#facing=west'
[025月2026 18:39:26.239] [Worker-Main-11/WARN] [net.minecraft.client.resources.model.BlockStateModelLoader/]: Exception loading blockstate definition: 'ultraman_mod:blockstates/circle_arms_block.json' missing model for variant: 'ultraman_mod:circle_arms_block#facing=north'
[025月2026 18:39:26.239] [Worker-Main-11/WARN] [net.minecraft.client.resources.model.BlockStateModelLoader/]: Exception loading blockstate definition: 'ultraman_mod:blockstates/circle_arms_block.json' missing model for variant: 'ultraman_mod:circle_arms_block#facing=south'
[025月2026 18:39:26.239] [Worker-Main-11/WARN] [net.minecraft.client.resources.model.BlockStateModelLoader/]: Exception loading blockstate definition: 'ultraman_mod:blockstates/plasma_spark_block.json' missing model for variant: 'ultraman_mod:plasma_spark_block#facing=west'
[025月2026 18:39:26.239] [Worker-Main-11/WARN] [net.minecraft.client.resources.model.BlockStateModelLoader/]: Exception loading blockstate definition: 'ultraman_mod:blockstates/plasma_spark_block.json' missing model for variant: 'ultraman_mod:plasma_spark_block#facing=north'
[025月2026 18:39:26.239] [Worker-Main-11/WARN] [net.minecraft.client.resources.model.BlockStateModelLoader/]: Exception loading blockstate definition: 'ultraman_mod:blockstates/plasma_spark_block.json' missing model for variant: 'ultraman_mod:plasma_spark_block#facing=east'
[025月2026 18:39:26.239] [Worker-Main-11/WARN] [net.minecraft.client.resources.model.BlockStateModelLoader/]: Exception loading blockstate definition: 'ultraman_mod:blockstates/plasma_spark_block.json' missing model for variant: 'ultraman_mod:plasma_spark_block#facing=south'
[025月2026 18:39:26.239] [Worker-Main-11/WARN] [net.minecraft.client.resources.model.BlockStateModelLoader/]: Exception loading blockstate definition: 'ultraman_mod:blockstates/garage_block.json' missing model for variant: 'ultraman_mod:garage_block#facing=west'
[025月2026 18:39:26.239] [Worker-Main-11/WARN] [net.minecraft.client.resources.model.BlockStateModelLoader/]: Exception loading blockstate definition: 'ultraman_mod:blockstates/garage_block.json' missing model for variant: 'ultraman_mod:garage_block#facing=north'
[025月2026 18:39:26.239] [Worker-Main-11/WARN] [net.minecraft.client.resources.model.BlockStateModelLoader/]: Exception loading blockstate definition: 'ultraman_mod:blockstates/garage_block.json' missing model for variant: 'ultraman_mod:garage_block#facing=south'
[025月2026 18:39:26.239] [Worker-Main-11/WARN] [net.minecraft.client.resources.model.BlockStateModelLoader/]: Exception loading blockstate definition: 'ultraman_mod:blockstates/garage_block.json' missing model for variant: 'ultraman_mod:garage_block#facing=east'
[025月2026 18:39:26.239] [Worker-Main-11/WARN] [net.minecraft.client.resources.model.BlockStateModelLoader/]: Exception loading blockstate definition: 'ultraman_mod:blockstates/science_console_block.json' missing model for variant: 'ultraman_mod:science_console_block#facing=west'
[025月2026 18:39:26.239] [Worker-Main-11/WARN] [net.minecraft.client.resources.model.BlockStateModelLoader/]: Exception loading blockstate definition: 'ultraman_mod:blockstates/science_console_block.json' missing model for variant: 'ultraman_mod:science_console_block#facing=east'
[025月2026 18:39:26.239] [Worker-Main-11/WARN] [net.minecraft.client.resources.model.BlockStateModelLoader/]: Exception loading blockstate definition: 'ultraman_mod:blockstates/science_console_block.json' missing model for variant: 'ultraman_mod:science_console_block#facing=south'
[025月2026 18:39:26.240] [Worker-Main-11/WARN] [net.minecraft.client.resources.model.BlockStateModelLoader/]: Exception loading blockstate definition: 'ultraman_mod:blockstates/science_console_block.json' missing model for variant: 'ultraman_mod:science_console_block#facing=north'
[025月2026 18:39:26.240] [Worker-Main-11/WARN] [net.minecraft.client.resources.model.ModelBakery/]: Unable to load model: 'ultraman_mod:item/trigger_block' referenced from: ultraman_mod:item/trigger_block: java.io.FileNotFoundException: ultraman_mod:models/item/trigger_block.json
[025月2026 18:39:26.246] [Worker-Main-11/WARN] [net.minecraft.client.resources.model.ModelBakery/]: Unable to load model: 'ultraman_mod:item/virtual_beta_capsule' referenced from: ultraman_mod:item/virtual_beta_capsule: java.io.FileNotFoundException: ultraman_mod:models/item/virtual_beta_capsule.json
[025月2026 18:39:26.247] [Worker-Main-11/WARN] [net.minecraft.client.resources.model.ModelBakery/]: Unable to load model: 'ultraman_mod:item/circle_arms_block' referenced from: ultraman_mod:item/circle_arms_block: java.io.FileNotFoundException: ultraman_mod:models/item/circle_arms_block.json
[025月2026 18:39:26.248] [Worker-Main-11/WARN] [net.minecraft.client.resources.model.ModelBakery/]: Unable to load model: 'ultraman_mod:item/virtual_ultraman_armor' referenced from: ultraman_mod:item/virtual_ultraman_armor: java.io.FileNotFoundException: ultraman_mod:models/item/virtual_ultraman_armor.json
[025月2026 18:39:27.023] [Worker-Main-11/WARN] [net.minecraft.client.resources.model.ModelManager/]: Missing textures in model ultraman_mod:eye_slugger#inventory:
    minecraft:textures/atlas/blocks.png:ultraman_mod:items/eye_slugger
[025月2026 18:39:27.428] [Render thread/ERROR] [net.minecraft.client.sounds.SoundManager/]: Missing subtitle translation{key='jack_death', args=[]} for sound event: ultraman_mod:jack_death
[025月2026 18:39:27.428] [Render thread/ERROR] [net.minecraft.client.sounds.SoundManager/]: Missing subtitle translation{key='cosmos_corona_death', args=[]} for sound event: ultraman_mod:cosmos_corona_death
[025月2026 18:39:27.428] [Render thread/ERROR] [net.minecraft.client.sounds.SoundManager/]: Missing subtitle translation{key='subtitles.liquidator', args=[]} for sound event: ultraman_mod:liquidator
[025月2026 18:39:27.428] [Render thread/ERROR] [net.minecraft.client.sounds.SoundManager/]: Missing subtitle translation{key='subtitles.strium', args=[]} for sound event: ultraman_mod:strium
[025月2026 18:39:27.428] [Render thread/ERROR] [net.minecraft.client.sounds.SoundManager/]: Missing subtitle translation{key='ace_cry', args=[]} for sound event: ultraman_mod:ace_cry
[025月2026 18:39:27.429] [Render thread/ERROR] [net.minecraft.client.sounds.SoundManager/]: Missing subtitle translation{key='subtitles.galnate_bomber.start', args=[]} for sound event: ultraman_mod:galnate_bomber.start
[025月2026 18:39:27.429] [Render thread/ERROR] [net.minecraft.client.sounds.SoundManager/]: Missing subtitle translation{key='subtitles.trigger', args=[]} for sound event: ultraman_mod:trigger
[025月2026 18:39:27.429] [Render thread/ERROR] [net.minecraft.client.sounds.SoundManager/]: Missing subtitle translation{key='gaia_cry', args=[]} for sound event: ultraman_mod:gaia_cry
[025月2026 18:39:27.429] [Render thread/ERROR] [net.minecraft.client.sounds.SoundManager/]: Missing subtitle translation{key='subtitles.ultraman_seven_transform', args=[]} for sound event: ultraman_mod:ultraman_seven_transform
[025月2026 18:39:27.429] [Render thread/ERROR] [net.minecraft.client.sounds.SoundManager/]: Missing subtitle translation{key='subtitles.sevenchange', args=[]} for sound event: ultraman_mod:sevenchange
[025月2026 18:39:27.429] [Render thread/ERROR] [net.minecraft.client.sounds.SoundManager/]: Missing subtitle translation{key='cosmo_miracle_beam', args=[]} for sound event: ultraman_mod:cosmo_miracle_beam
[025月2026 18:39:27.429] [Render thread/ERROR] [net.minecraft.client.sounds.SoundManager/]: Missing subtitle translation{key='subtitles.dyna_red', args=[]} for sound event: ultraman_mod:dyna_red
[025月2026 18:39:27.429] [Render thread/ERROR] [net.minecraft.client.sounds.SoundManager/]: Missing subtitle translation{key='jack_cry', args=[]} for sound event: ultraman_mod:jack_cry
[025月2026 18:39:27.429] [Render thread/ERROR] [net.minecraft.client.sounds.SoundManager/]: Missing subtitle translation{key='agul_red', args=[]} for sound event: ultraman_mod:agul_red
[025月2026 18:39:27.429] [Render thread/ERROR] [net.minecraft.client.sounds.SoundManager/]: Missing subtitle translation{key='lightning_counter', args=[]} for sound event: ultraman_mod:lightning_counter
[025月2026 18:39:27.429] [Render thread/ERROR] [net.minecraft.client.sounds.SoundManager/]: Missing subtitle translation{key='subtitles.tigachange', args=[]} for sound event: ultraman_mod:tigachange
[025月2026 18:39:27.429] [Render thread/ERROR] [net.minecraft.client.sounds.SoundManager/]: Missing subtitle translation{key='agul_transformer', args=[]} for sound event: ultraman_mod:agul_transformer
[025月2026 18:39:27.429] [Render thread/ERROR] [net.minecraft.client.sounds.SoundManager/]: Missing subtitle translation{key='first_cry', args=[]} for sound event: ultraman_mod:first_cry
[025月2026 18:39:27.429] [Render thread/ERROR] [net.minecraft.client.sounds.SoundManager/]: Missing subtitle translation{key='leo_cry', args=[]} for sound event: ultraman_mod:leo_cry
[025月2026 18:39:27.430] [Render thread/ERROR] [net.minecraft.client.sounds.SoundManager/]: Missing subtitle translation{key='seven_cry', args=[]} for sound event: ultraman_mod:seven_cry
[025月2026 18:39:27.430] [Render thread/ERROR] [net.minecraft.client.sounds.SoundManager/]: Missing subtitle translation{key='subtitles.triggerchange', args=[]} for sound event: ultraman_mod:triggerchange
[025月2026 18:39:27.430] [Render thread/ERROR] [net.minecraft.client.sounds.SoundManager/]: Missing subtitle translation{key='subtitles.flame_liftoff', args=[]} for sound event: ultraman_mod:flame_liftoff
[025月2026 18:39:27.430] [Render thread/ERROR] [net.minecraft.client.sounds.SoundManager/]: Missing subtitle translation{key='max_red', args=[]} for sound event: ultraman_mod:max_red
[025月2026 18:39:27.430] [Render thread/ERROR] [net.minecraft.client.sounds.SoundManager/]: Missing subtitle translation{key='subtitles.dynachange', args=[]} for sound event: ultraman_mod:dynachange
[025月2026 18:39:27.430] [Render thread/ERROR] [net.minecraft.client.sounds.SoundManager/]: Missing subtitle translation{key='zero_cry', args=[]} for sound event: ultraman_mod:zero_cry
[025月2026 18:39:27.430] [Render thread/ERROR] [net.minecraft.client.sounds.SoundManager/]: Missing subtitle translation{key='dyna_death', args=[]} for sound event: ultraman_mod:dyna_death
[025月2026 18:39:27.430] [Render thread/ERROR] [net.minecraft.client.sounds.SoundManager/]: Missing subtitle translation{key='subtitles.galnate_bomber.on', args=[]} for sound event: ultraman_mod:galnate_bomber.on
[025月2026 18:39:27.430] [Render thread/ERROR] [net.minecraft.client.sounds.SoundManager/]: Missing subtitle translation{key='cosmos_corona_skill_cry', args=[]} for sound event: ultraman_mod:cosmos_corona_skill_cry
[025月2026 18:39:27.430] [Render thread/ERROR] [net.minecraft.client.sounds.SoundManager/]: Missing subtitle translation{key='subtitles.revolium_wave.start', args=[]} for sound event: ultraman_mod:revolium_wave.start
[025月2026 18:39:27.430] [Render thread/ERROR] [net.minecraft.client.sounds.SoundManager/]: Missing subtitle translation{key='subtitles.tiga', args=[]} for sound event: ultraman_mod:tiga
[025月2026 18:39:27.430] [Render thread/ERROR] [net.minecraft.client.sounds.SoundManager/]: Missing subtitle translation{key='attack_not', args=[]} for sound event: ultraman_mod:attack_not
[025月2026 18:39:27.430] [Render thread/ERROR] [net.minecraft.client.sounds.SoundManager/]: Missing subtitle translation{key='tiga_cry', args=[]} for sound event: ultraman_mod:tiga_cry
[025月2026 18:39:27.430] [Render thread/ERROR] [net.minecraft.client.sounds.SoundManager/]: Missing subtitle translation{key='subtitles.taro_red', args=[]} for sound event: ultraman_mod:taro_red
[025月2026 18:39:27.430] [Render thread/ERROR] [net.minecraft.client.sounds.SoundManager/]: Missing subtitle translation{key='subtitles.tiga_transformer', args=[]} for sound event: ultraman_mod:tiga_transformer
[025月2026 18:39:27.430] [Render thread/ERROR] [net.minecraft.client.sounds.SoundManager/]: Missing subtitle translation{key='strium_beam_vfx', args=[]} for sound event: ultraman_mod:strium_beam_vfx
[025月2026 18:39:27.430] [Render thread/ERROR] [net.minecraft.client.sounds.SoundManager/]: Missing subtitle translation{key='subtitles.leo_transformer', args=[]} for sound event: ultraman_mod:leo_transformer
[025月2026 18:39:27.431] [Render thread/ERROR] [net.minecraft.client.sounds.SoundManager/]: Missing subtitle translation{key='sign_beacon_summon', args=[]} for sound event: ultraman_mod:sign_beacon_summon
[025月2026 18:39:27.431] [Render thread/ERROR] [net.minecraft.client.sounds.SoundManager/]: Missing subtitle translation{key='subtitles.leo_red', args=[]} for sound event: ultraman_mod:leo_red
[025月2026 18:39:27.431] [Render thread/ERROR] [net.minecraft.client.sounds.SoundManager/]: Missing subtitle translation{key='max_transformer', args=[]} for sound event: ultraman_mod:max_transformer
[025月2026 18:39:27.431] [Render thread/ERROR] [net.minecraft.client.sounds.SoundManager/]: Missing subtitle translation{key='subtitles.dyna_transformer', args=[]} for sound event: ultraman_mod:dyna_transformer
[025月2026 18:39:27.431] [Render thread/ERROR] [net.minecraft.client.sounds.SoundManager/]: Missing subtitle translation{key='mebius_red', args=[]} for sound event: ultraman_mod:mebius_red
[025月2026 18:39:27.431] [Render thread/ERROR] [net.minecraft.client.sounds.SoundManager/]: Missing subtitle translation{key='zoffy_cry', args=[]} for sound event: ultraman_mod:zoffy_cry
[025月2026 18:39:27.431] [Render thread/ERROR] [net.minecraft.client.sounds.SoundManager/]: Missing subtitle translation{key='trigger_cry', args=[]} for sound event: ultraman_mod:trigger_cry
[025月2026 18:39:27.431] [Render thread/ERROR] [net.minecraft.client.sounds.SoundManager/]: Missing subtitle translation{key='subtitles.ultra_slash_to', args=[]} for sound event: ultraman_mod:ultra_slash_to
[025月2026 18:39:27.431] [Render thread/ERROR] [net.minecraft.client.sounds.SoundManager/]: Missing subtitle translation{key='ace_death', args=[]} for sound event: ultraman_mod:ace_death
[025月2026 18:39:27.431] [Render thread/ERROR] [net.minecraft.client.sounds.SoundManager/]: Missing subtitle translation{key='tiga_death', args=[]} for sound event: ultraman_mod:tiga_death
[025月2026 18:39:27.431] [Render thread/ERROR] [net.minecraft.client.sounds.SoundManager/]: Missing subtitle translation{key='subtitles.tiga_lightning_fist', args=[]} for sound event: ultraman_mod:tiga_lightning_fist
[025月2026 18:39:27.431] [Render thread/ERROR] [net.minecraft.client.sounds.SoundManager/]: Missing subtitle translation{key='max_death', args=[]} for sound event: ultraman_mod:max_death
[025月2026 18:39:27.432] [Render thread/ERROR] [net.minecraft.client.sounds.SoundManager/]: Missing subtitle translation{key='gaia_transformer', args=[]} for sound event: ultraman_mod:gaia_transformer
[025月2026 18:39:27.432] [Render thread/ERROR] [net.minecraft.client.sounds.SoundManager/]: Missing subtitle translation{key='leokick', args=[]} for sound event: ultraman_mod:leokick
[025月2026 18:39:27.432] [Render thread/ERROR] [net.minecraft.client.sounds.SoundManager/]: Missing subtitle translation{key='gaia_death', args=[]} for sound event: ultraman_mod:gaia_death
[025月2026 18:39:27.432] [Render thread/ERROR] [net.minecraft.client.sounds.SoundManager/]: Missing subtitle translation{key='seven_death', args=[]} for sound event: ultraman_mod:seven_death
[025月2026 18:39:27.432] [Render thread/ERROR] [net.minecraft.client.sounds.SoundManager/]: Missing subtitle translation{key='subtitles.trigger_transformer', args=[]} for sound event: ultraman_mod:trigger_transformer
[025月2026 18:39:27.432] [Render thread/ERROR] [net.minecraft.client.sounds.SoundManager/]: Missing subtitle translation{key='first_death', args=[]} for sound event: ultraman_mod:first_death
[025月2026 18:39:27.432] [Render thread/ERROR] [net.minecraft.client.sounds.SoundManager/]: Missing subtitle translation{key='photon_edge', args=[]} for sound event: ultraman_mod:photon_edge
[025月2026 18:39:27.432] [Render thread/ERROR] [net.minecraft.client.sounds.SoundManager/]: Missing subtitle translation{key='subtitles.deracium.start', args=[]} for sound event: ultraman_mod:deracium.start
[025月2026 18:39:27.432] [Render thread/ERROR] [net.minecraft.client.sounds.SoundManager/]: Missing subtitle translation{key='leo_death', args=[]} for sound event: ultraman_mod:leo_death
[025月2026 18:39:27.432] [Render thread/ERROR] [net.minecraft.client.sounds.SoundManager/]: Missing subtitle translation{key='subtitles.ultra_slash_on', args=[]} for sound event: ultraman_mod:ultra_slash_on
[025月2026 18:39:27.432] [Render thread/ERROR] [net.minecraft.client.sounds.SoundManager/]: Missing subtitle translation{key='subtitles.zeperion_beam.start', args=[]} for sound event: ultraman_mod:zeperion_beam.start
[025月2026 18:39:27.432] [Render thread/ERROR] [net.minecraft.client.sounds.SoundManager/]: Missing subtitle translation{key='subtitles.zeperion_power_beam.start', args=[]} for sound event: ultraman_mod:zeperion_power_beam.start
[025月2026 18:39:27.432] [Render thread/ERROR] [net.minecraft.client.sounds.SoundManager/]: Missing subtitle translation{key='mebium_burst', args=[]} for sound event: ultraman_mod:mebium_burst
[025月2026 18:39:27.432] [Render thread/ERROR] [net.minecraft.client.sounds.SoundManager/]: Missing subtitle translation{key='zoffy_death', args=[]} for sound event: ultraman_mod:zoffy_death
[025月2026 18:39:27.432] [Render thread/ERROR] [net.minecraft.client.sounds.SoundManager/]: Missing subtitle translation{key='subtitles.taro_transformer', args=[]} for sound event: ultraman_mod:taro_transformer
[025月2026 18:39:27.433] [Render thread/ERROR] [net.minecraft.client.sounds.SoundManager/]: Missing subtitle translation{key='mebius_shoot', args=[]} for sound event: ultraman_mod:mebius_shoot
[025月2026 18:39:27.433] [Render thread/ERROR] [net.minecraft.client.sounds.SoundManager/]: Missing subtitle translation{key='photon_stream', args=[]} for sound event: ultraman_mod:photon_stream
[025月2026 18:39:27.433] [Render thread/ERROR] [net.minecraft.client.sounds.SoundManager/]: Missing subtitle translation{key='subtitles.flash_colortimer', args=[]} for sound event: ultraman_mod:flash_colortimer
[025月2026 18:39:27.433] [Render thread/ERROR] [net.minecraft.client.sounds.SoundManager/]: Missing subtitle translation{key='trigger_death', args=[]} for sound event: ultraman_mod:trigger_death
[025月2026 18:39:27.433] [Render thread/ERROR] [net.minecraft.client.sounds.SoundManager/]: Missing subtitle translation{key='belia_cry', args=[]} for sound event: ultraman_mod:belia_cry
[025月2026 18:39:27.433] [Render thread/ERROR] [net.minecraft.client.sounds.SoundManager/]: Missing subtitle translation{key='sign_beacon_use', args=[]} for sound event: ultraman_mod:sign_beacon_use
[025月2026 18:39:27.433] [Render thread/ERROR] [net.minecraft.client.sounds.SoundManager/]: Missing subtitle translation{key='dyna_cry', args=[]} for sound event: ultraman_mod:dyna_cry
[025月2026 18:39:27.433] [Render thread/ERROR] [net.minecraft.client.sounds.SoundManager/]: Missing subtitle translation{key='photon_crusher', args=[]} for sound event: ultraman_mod:photon_crusher
[025月2026 18:39:27.433] [Render thread/ERROR] [net.minecraft.client.sounds.SoundManager/]: Missing subtitle translation{key='strium_beam_cry', args=[]} for sound event: ultraman_mod:strium_beam_cry
[025月2026 18:39:27.433] [Render thread/ERROR] [net.minecraft.client.sounds.SoundManager/]: Missing subtitle translation{key='subtitles.tiga_red', args=[]} for sound event: ultraman_mod:tiga_red
[025月2026 18:39:27.433] [Render thread/ERROR] [net.minecraft.client.sounds.SoundManager/]: Missing subtitle translation{key='cosmos_corona_cry', args=[]} for sound event: ultraman_mod:cosmos_corona_cry
[025月2026 18:39:27.433] [Render thread/ERROR] [net.minecraft.client.sounds.SoundManager/]: Missing subtitle translation{key='gaia_change', args=[]} for sound event: ultraman_mod:gaia_change
[025月2026 18:39:27.433] [Render thread/ERROR] [net.minecraft.client.sounds.SoundManager/]: Missing subtitle translation{key='leokick_cry', args=[]} for sound event: ultraman_mod:leokick_cry
[025月2026 18:39:27.433] [Render thread/ERROR] [net.minecraft.client.sounds.SoundManager/]: Missing subtitle translation{key='subtitles.qidong', args=[]} for sound event: ultraman_mod:qidong
[025月2026 18:39:27.434] [Render thread/ERROR] [net.minecraft.client.sounds.SoundManager/]: Missing subtitle translation{key='taro_death', args=[]} for sound event: ultraman_mod:taro_death
[025月2026 18:39:27.434] [Render thread/ERROR] [net.minecraft.client.sounds.SoundManager/]: Missing subtitle translation{key='subtitles.spacium', args=[]} for sound event: ultraman_mod:spacium
[025月2026 18:39:27.434] [Render thread/ERROR] [net.minecraft.client.sounds.SoundManager/]: Missing subtitle translation{key='mebius_transformer', args=[]} for sound event: ultraman_mod:mebius_transformer
[025月2026 18:39:27.434] [Render thread/ERROR] [net.minecraft.client.sounds.SoundManager/]: Missing subtitle translation{key='subtitles.solgent', args=[]} for sound event: ultraman_mod:solgent
[025月2026 18:39:27.434] [Render thread/ERROR] [net.minecraft.client.sounds.SoundManager/]: Missing subtitle translation{key='subtitles.zeperion_beam.on', args=[]} for sound event: ultraman_mod:zeperion_beam.on
[025月2026 18:39:27.434] [Render thread/ERROR] [net.minecraft.client.sounds.SoundManager/]: Missing subtitle translation{key='big_walk', args=[]} for sound event: ultraman_mod:big_walk
[025月2026 18:39:27.434] [Render thread/ERROR] [net.minecraft.client.sounds.SoundManager/]: Missing subtitle translation{key='attack', args=[]} for sound event: ultraman_mod:attack
[025月2026 18:39:27.434] [Render thread/ERROR] [net.minecraft.client.sounds.SoundManager/]: Missing subtitle translation{key='saga_cry', args=[]} for sound event: ultraman_mod:saga_cry
[025月2026 18:39:27.434] [Render thread/ERROR] [net.minecraft.client.sounds.SoundManager/]: Missing subtitle translation{key='subtitles.runboldt', args=[]} for sound event: ultraman_mod:runboldt
[025月2026 18:39:27.434] [Render thread/ERROR] [net.minecraft.client.sounds.SoundManager/]: Missing subtitle translation{key='strium_beam_start', args=[]} for sound event: ultraman_mod:strium_beam_start
[025月2026 18:39:27.434] [Render thread/ERROR] [net.minecraft.client.sounds.SoundManager/]: Missing subtitle translation{key='zero_death', args=[]} for sound event: ultraman_mod:zero_death
[025月2026 18:39:27.434] [Render thread/ERROR] [net.minecraft.client.sounds.SoundManager/]: Missing subtitle translation{key='agul_death', args=[]} for sound event: ultraman_mod:agul_death
[025月2026 18:39:27.435] [Render thread/ERROR] [net.minecraft.client.sounds.SoundManager/]: Missing subtitle translation{key='subtitles.revolium_wave.on', args=[]} for sound event: ultraman_mod:revolium_wave.on
[025月2026 18:39:27.435] [Render thread/ERROR] [net.minecraft.client.sounds.SoundManager/]: Missing subtitle translation{key='agul_cry', args=[]} for sound event: ultraman_mod:agul_cry
[025月2026 18:39:27.435] [Render thread/ERROR] [net.minecraft.client.sounds.SoundManager/]: Missing subtitle translation{key='max_cry', args=[]} for sound event: ultraman_mod:max_cry
[025月2026 18:39:27.435] [Render thread/ERROR] [net.minecraft.client.sounds.SoundManager/]: Missing subtitle translation{key='assault_tactics', args=[]} for sound event: ultraman_mod:assault_tactics
[025月2026 18:39:27.435] [Render thread/ERROR] [net.minecraft.client.sounds.SoundManager/]: Missing subtitle translation{key='attack', args=[]} for sound event: ultraman_mod:attack_robot
[025月2026 18:39:27.435] [Render thread/ERROR] [net.minecraft.client.sounds.SoundManager/]: Missing subtitle translation{key='taro_cry', args=[]} for sound event: ultraman_mod:taro_cry
[025月2026 18:39:27.435] [Render thread/ERROR] [net.minecraft.client.sounds.SoundManager/]: Missing subtitle translation{key='attack_not', args=[]} for sound event: ultraman_mod:biubiu
[025月2026 18:39:27.435] [Render thread/ERROR] [net.minecraft.client.sounds.SoundManager/]: Missing subtitle translation{key='hikari_cry', args=[]} for sound event: ultraman_mod:hikari_cry
[025月2026 18:39:27.435] [Render thread/ERROR] [net.minecraft.client.sounds.SoundManager/]: Missing subtitle translation{key='cosmos_luna_death', args=[]} for sound event: ultraman_mod:cosmos_luna_death
[025月2026 18:39:27.435] [Render thread/ERROR] [net.minecraft.client.sounds.SoundManager/]: Missing subtitle translation{key='cosmos_luna_cry', args=[]} for sound event: ultraman_mod:cosmos_luna_cry
[025月2026 18:39:27.435] [Render thread/ERROR] [net.minecraft.client.sounds.SoundManager/]: Missing subtitle translation{key='quantum_stream', args=[]} for sound event: ultraman_mod:quantum_stream
[025月2026 18:39:27.435] [Render thread/ERROR] [net.minecraft.client.sounds.SoundManager/]: Missing subtitle translation{key='subtitles.ultraman_ace_red', args=[]} for sound event: ultraman_mod:ultraman_ace_red
[025月2026 18:39:27.435] [Render thread/ERROR] [net.minecraft.client.sounds.SoundManager/]: Missing subtitle translation{key='subtitles.deracium.on', args=[]} for sound event: ultraman_mod:deracium.on
[025月2026 18:39:27.435] [Render thread/ERROR] [net.minecraft.client.sounds.SoundManager/]: Missing subtitle translation{key='zero_skill_cry', args=[]} for sound event: ultraman_mod:zero_skill_cry
[025月2026 18:39:27.436] [Render thread/ERROR] [net.minecraft.client.sounds.SoundManager/]: Missing subtitle translation{key='subtitles.ultraman_first_transform', args=[]} for sound event: ultraman_mod:ultraman_first_transform
[025月2026 18:39:27.436] [Render thread/ERROR] [net.minecraft.client.sounds.SoundManager/]: Missing subtitle translation{key='gaia_red', args=[]} for sound event: ultraman_mod:gaia_red
[025月2026 18:39:27.436] [Render thread/ERROR] [net.minecraft.client.sounds.SoundManager/]: Missing subtitle translation{key='mebius_cry', args=[]} for sound event: ultraman_mod:mebius_cry
[025月2026 18:39:27.436] [Render thread/ERROR] [net.minecraft.client.sounds.SoundManager/]: Missing subtitle translation{key='subtitles.ultraman_first_red', args=[]} for sound event: ultraman_mod:ultraman_first_red
[025月2026 18:39:27.436] [Render thread/ERROR] [net.minecraft.client.sounds.SoundManager/]: Missing subtitle translation{key='subtitles.ultra_bracelet', args=[]} for sound event: ultraman_mod:ultra_bracelet
[025月2026 18:39:27.436] [Render thread/ERROR] [net.minecraft.client.sounds.SoundManager/]: Missing subtitle translation{key='mebius_death', args=[]} for sound event: ultraman_mod:mebius_death
[025月2026 18:39:27.436] [Render thread/ERROR] [net.minecraft.client.sounds.SoundManager/]: Missing subtitle translation{key='subtitles.trigger_red', args=[]} for sound event: ultraman_mod:trigger_red
[025月2026 18:39:27.570] [Render thread/INFO] [net.minecraft.client.renderer.texture.TextureAtlas/]: Created: 8192x8192x4 minecraft:textures/atlas/blocks.png-atlas
[025月2026 18:39:27.615] [Render thread/INFO] [net.minecraft.client.renderer.texture.TextureAtlas/]: Created: 256x256x4 minecraft:textures/atlas/signs.png-atlas
[025月2026 18:39:27.616] [Render thread/INFO] [net.minecraft.client.renderer.texture.TextureAtlas/]: Created: 512x512x4 minecraft:textures/atlas/shield_patterns.png-atlas
[025月2026 18:39:27.616] [Render thread/INFO] [net.minecraft.client.renderer.texture.TextureAtlas/]: Created: 512x512x4 minecraft:textures/atlas/banner_patterns.png-atlas
[025月2026 18:39:27.616] [Render thread/INFO] [net.minecraft.client.renderer.texture.TextureAtlas/]: Created: 1024x1024x4 minecraft:textures/atlas/armor_trims.png-atlas
[025月2026 18:39:27.617] [Render thread/INFO] [net.minecraft.client.renderer.texture.TextureAtlas/]: Created: 128x64x4 minecraft:textures/atlas/decorated_pot.png-atlas
[025月2026 18:39:27.618] [Render thread/INFO] [net.minecraft.client.renderer.texture.TextureAtlas/]: Created: 256x256x4 minecraft:textures/atlas/chest.png-atlas
[025月2026 18:39:27.618] [Render thread/INFO] [net.minecraft.client.renderer.texture.TextureAtlas/]: Created: 512x256x4 minecraft:textures/atlas/beds.png-atlas
[025月2026 18:39:27.618] [Render thread/INFO] [net.minecraft.client.renderer.texture.TextureAtlas/]: Created: 512x256x4 minecraft:textures/atlas/shulker_boxes.png-atlas
[025月2026 18:39:27.721] [Render thread/INFO] [net.minecraft.client.renderer.texture.TextureAtlas/]: Created: 2048x2048x0 minecraft:textures/atlas/particles.png-atlas
[025月2026 18:39:27.727] [Render thread/INFO] [net.minecraft.client.renderer.texture.TextureAtlas/]: Created: 512x256x0 minecraft:textures/atlas/paintings.png-atlas
[025月2026 18:39:27.727] [Render thread/INFO] [net.minecraft.client.renderer.texture.TextureAtlas/]: Created: 256x128x0 minecraft:textures/atlas/mob_effects.png-atlas
[025月2026 18:39:27.727] [Render thread/INFO] [net.minecraft.client.renderer.texture.TextureAtlas/]: Created: 64x64x0 minecraft:textures/atlas/map_decorations.png-atlas
[025月2026 18:39:27.727] [Render thread/INFO] [net.minecraft.client.renderer.texture.TextureAtlas/]: Created: 1024x512x0 minecraft:textures/atlas/gui.png-atlas
[025月2026 18:39:27.744] [Render thread/WARN] [net.minecraft.client.renderer.ShaderInstance/]: Shader rendertype_entity_translucent_emissive could not find sampler named Sampler2 in the specified shader program.
[025月2026 18:39:27.862] [Render thread/INFO] [net.neoforged.neoforge.client.entity.animation.json.AnimationLoader/]: Loaded 0 entity animations
[025月2026 18:39:31.334] [Render thread/INFO] [net.minecraft.world.item.crafting.RecipeManager/]: Loaded 1325 recipes
[025月2026 18:39:31.461] [Render thread/INFO] [net.minecraft.advancements.AdvancementTree/]: Loaded 1414 advancements
[025月2026 18:39:31.778] [Render thread/INFO] [com.benniao.ultraman.UltramanMod/]: Cleared world ID cache due to client logout
[025月2026 18:39:31.815] [Server thread/INFO] [net.minecraft.client.server.IntegratedServer/]: Starting integrated minecraft server version 1.21.1
[025月2026 18:39:31.815] [Server thread/INFO] [net.minecraft.server.MinecraftServer/]: Generating keypair
[025月2026 18:39:31.996] [Server thread/INFO] [net.minecraft.server.MinecraftServer/]: Preparing start region for dimension minecraft:overworld
[025月2026 18:39:32.218] [progressListener/INFO] [net.minecraft.server.level.progress.LoggerChunkProgressListener/]: 准备生成区域中：0%
[025月2026 18:39:32.259] [Server thread/INFO] [net.neoforged.neoforge.server.permission.PermissionAPI/]: Successfully initialized permission handler neoforge:default_handler
[025月2026 18:39:32.260] [progressListener/INFO] [net.minecraft.server.level.progress.LoggerChunkProgressListener/]: Time elapsed: 244 ms
[025月2026 18:39:32.262] [Server thread/INFO] [com.benniao.ultraman.UltramanMod/]: Cleared all energy caches
[025月2026 18:39:32.325] [Server thread/INFO] [net.minecraft.client.server.IntegratedServer/]: Changing view distance to 12, from 10
[025月2026 18:39:32.325] [Server thread/INFO] [net.minecraft.client.server.IntegratedServer/]: Changing simulation distance to 12, from 0
[025月2026 18:39:32.777] [Server thread/INFO] [net.minecraft.server.players.PlayerList/]: Dev[local:E:bb0aa661] logged in with entity id 1 at (381.00509590884286, 3.0, -11.837535210484766)
[025月2026 18:39:32.828] [Server thread/INFO] [net.minecraft.server.MinecraftServer/]: Dev加入了游戏
[025月2026 18:39:33.179] [Timer-0/INFO] [com.benniao.ultraman.UltramanMod/]: Ability registry initialized, registered 33 Ultraman types
[025月2026 18:39:33.206] [Render thread/INFO] [com.benniao.ultraman.UltramanMod/]: Form changed: ultraman_first_normal -> ultraman_zero_normal, reset ability selection
[025月2026 18:39:33.212] [Render thread/INFO] [com.benniao.ultraman.UltramanMod/]:   Client synced unlocked abilities for player Dev: 15 abilities
[025月2026 18:39:33.212] [Render thread/INFO] [com.benniao.ultraman.UltramanMod/]:   Client synced unlocked abilities for player Dev: 15 abilities
[025月2026 18:39:33.213] [Render thread/INFO] [net.minecraft.advancements.AdvancementTree/]: Loaded 98 advancements
[025月2026 18:39:33.725] [Render thread/INFO] [com.benniao.ultraman.UltramanMod/]: Skillbar config loaded (v2): 5 entries
[025月2026 18:39:34.163] [Server thread/INFO] [net.minecraft.client.server.IntegratedServer/]: Saving and pausing game...
[025月2026 18:39:34.190] [Server thread/INFO] [net.minecraft.server.MinecraftServer/]: Saving chunks for level 'ServerLevel[新的世界]'/minecraft:overworld
[025月2026 18:39:34.197] [Server thread/INFO] [net.minecraft.server.MinecraftServer/]: Saving chunks for level 'ServerLevel[新的世界]'/ultraman_mod:quantum_realm
[025月2026 18:39:34.197] [Server thread/INFO] [net.minecraft.server.MinecraftServer/]: Saving chunks for level 'ServerLevel[新的世界]'/ultraman_mod:mars
[025月2026 18:39:34.197] [Server thread/INFO] [net.minecraft.server.MinecraftServer/]: Saving chunks for level 'ServerLevel[新的世界]'/minecraft:the_nether
[025月2026 18:39:34.198] [Server thread/INFO] [net.minecraft.server.MinecraftServer/]: Saving chunks for level 'ServerLevel[新的世界]'/ultraman_mod:black_hole
[025月2026 18:39:34.198] [Server thread/INFO] [net.minecraft.server.MinecraftServer/]: Saving chunks for level 'ServerLevel[新的世界]'/minecraft:the_end
[025月2026 18:39:34.198] [Server thread/INFO] [net.minecraft.server.MinecraftServer/]: Saving chunks for level 'ServerLevel[新的世界]'/ultraman_mod:land_of_light
[025月2026 18:39:34.200] [Server thread/INFO] [net.minecraft.server.MinecraftServer/]: Saving chunks for level 'ServerLevel[新的世界]'/ultraman_mod:pendragon_cockpit
[025月2026 18:40:12.664] [Server thread/INFO] [net.minecraft.client.server.IntegratedServer/]: Saving and pausing game...
[025月2026 18:40:12.669] [Server thread/INFO] [net.minecraft.server.MinecraftServer/]: Saving chunks for level 'ServerLevel[新的世界]'/minecraft:overworld
[025月2026 18:40:12.669] [Server thread/INFO] [net.minecraft.server.MinecraftServer/]: Saving chunks for level 'ServerLevel[新的世界]'/ultraman_mod:quantum_realm
[025月2026 18:40:12.669] [Server thread/INFO] [net.minecraft.server.MinecraftServer/]: Saving chunks for level 'ServerLevel[新的世界]'/ultraman_mod:mars
[025月2026 18:40:12.669] [Server thread/INFO] [net.minecraft.server.MinecraftServer/]: Saving chunks for level 'ServerLevel[新的世界]'/minecraft:the_nether
[025月2026 18:40:12.670] [Server thread/INFO] [net.minecraft.server.MinecraftServer/]: Saving chunks for level 'ServerLevel[新的世界]'/ultraman_mod:black_hole
[025月2026 18:40:12.670] [Server thread/INFO] [net.minecraft.server.MinecraftServer/]: Saving chunks for level 'ServerLevel[新的世界]'/minecraft:the_end
[025月2026 18:40:12.670] [Server thread/INFO] [net.minecraft.server.MinecraftServer/]: Saving chunks for level 'ServerLevel[新的世界]'/ultraman_mod:land_of_light
[025月2026 18:40:12.671] [Server thread/INFO] [net.minecraft.server.MinecraftServer/]: Saving chunks for level 'ServerLevel[新的世界]'/ultraman_mod:pendragon_cockpit
[025月2026 18:40:14.184] [Render thread/INFO] [com.benniao.ultraman.UltramanMod/]: Cleared world ID cache due to client logout
[025月2026 18:40:14.216] [Server thread/INFO] [net.minecraft.server.network.ServerGamePacketListenerImpl/]: Dev lost connection: 连接中断
[025月2026 18:40:14.217] [Server thread/INFO] [net.minecraft.server.MinecraftServer/]: Dev退出了游戏
[025月2026 18:40:14.224] [Server thread/INFO] [net.minecraft.server.network.ServerCommonPacketListenerImpl/]: Stopping singleplayer server as player logged out
[025月2026 18:40:14.263] [Server thread/INFO] [com.benniao.ultraman.UltramanMod/]: Cleared all energy caches
[025月2026 18:40:14.263] [Server thread/INFO] [net.minecraft.server.MinecraftServer/]: Stopping server
[025月2026 18:40:14.263] [Server thread/INFO] [net.minecraft.server.MinecraftServer/]: Saving players
[025月2026 18:40:14.263] [Server thread/INFO] [net.minecraft.server.MinecraftServer/]: Saving worlds
[025月2026 18:40:14.294] [Server thread/INFO] [net.minecraft.server.MinecraftServer/]: Saving chunks for level 'ServerLevel[新的世界]'/minecraft:overworld
[025月2026 18:40:14.304] [Server thread/INFO] [net.minecraft.server.MinecraftServer/]: Saving chunks for level 'ServerLevel[新的世界]'/ultraman_mod:quantum_realm
[025月2026 18:40:14.306] [Server thread/INFO] [net.minecraft.server.MinecraftServer/]: Saving chunks for level 'ServerLevel[新的世界]'/ultraman_mod:mars
[025月2026 18:40:14.307] [Server thread/INFO] [net.minecraft.server.MinecraftServer/]: Saving chunks for level 'ServerLevel[新的世界]'/minecraft:the_nether
[025月2026 18:40:14.310] [Server thread/INFO] [net.minecraft.server.MinecraftServer/]: Saving chunks for level 'ServerLevel[新的世界]'/ultraman_mod:black_hole
[025月2026 18:40:14.312] [Server thread/INFO] [net.minecraft.server.MinecraftServer/]: Saving chunks for level 'ServerLevel[新的世界]'/minecraft:the_end
[025月2026 18:40:14.313] [Server thread/INFO] [net.minecraft.server.MinecraftServer/]: Saving chunks for level 'ServerLevel[新的世界]'/ultraman_mod:land_of_light
[025月2026 18:40:14.318] [Server thread/INFO] [net.minecraft.server.MinecraftServer/]: Saving chunks for level 'ServerLevel[新的世界]'/ultraman_mod:pendragon_cockpit
[025月2026 18:40:14.323] [Server thread/INFO] [net.minecraft.server.MinecraftServer/]: ThreadedAnvilChunkStorage (新的世界): All chunks are saved
[025月2026 18:40:14.323] [Server thread/INFO] [net.minecraft.server.MinecraftServer/]: ThreadedAnvilChunkStorage (quantum_realm): All chunks are saved
[025月2026 18:40:14.323] [Server thread/INFO] [net.minecraft.server.MinecraftServer/]: ThreadedAnvilChunkStorage (mars): All chunks are saved
[025月2026 18:40:14.323] [Server thread/INFO] [net.minecraft.server.MinecraftServer/]: ThreadedAnvilChunkStorage (DIM-1): All chunks are saved
[025月2026 18:40:14.323] [Server thread/INFO] [net.minecraft.server.MinecraftServer/]: ThreadedAnvilChunkStorage (black_hole): All chunks are saved
[025月2026 18:40:14.323] [Server thread/INFO] [net.minecraft.server.MinecraftServer/]: ThreadedAnvilChunkStorage (DIM1): All chunks are saved
[025月2026 18:40:14.323] [Server thread/INFO] [net.minecraft.server.MinecraftServer/]: ThreadedAnvilChunkStorage (land_of_light): All chunks are saved
[025月2026 18:40:14.323] [Server thread/INFO] [net.minecraft.server.MinecraftServer/]: ThreadedAnvilChunkStorage (pendragon_cockpit): All chunks are saved
[025月2026 18:40:14.323] [Server thread/INFO] [net.minecraft.server.MinecraftServer/]: ThreadedAnvilChunkStorage: All dimensions are saved
[025月2026 18:40:14.816] [Render thread/INFO] [net.minecraft.client.Minecraft/]: Stopping!
[025月2026 18:40:14.816] [Render thread/INFO] [com.benniao.ultraman.UltramanMod/]: Cleared world ID cache due to client logout
